<?xml version="1.0" encoding="utf-8"?><testsuites name="pytest tests"><testsuite name="pytest" errors="0" failures="0" skipped="0" tests="12" time="6.139" timestamp="2026-04-18T02:04:59.417696+00:00" hostname="agent-env-6e5f583f-543c-4b8d-bfac-dfc88f246fb1"><testcase classname="backend.tests.test_cvsira.TestPlans" name="test_get_plans_returns_three" time="0.299" /><testcase classname="backend.tests.test_cvsira.TestPlans" name="test_plan_has_required_fields" time="0.065" /><testcase classname="backend.tests.test_cvsira.TestAuth" name="test_register_new_user" time="0.727" /><testcase classname="backend.tests.test_cvsira.TestAuth" name="test_register_duplicate_fails" time="0.082" /><testcase classname="backend.tests.test_cvsira.TestAuth" name="test_admin_login" time="0.354" /><testcase classname="backend.tests.test_cvsira.TestAuth" name="test_me_authenticated" time="0.484" /><testcase classname="backend.tests.test_cvsira.TestAuth" name="test_me_unauthenticated" time="0.133" /><testcase classname="backend.tests.test_cvsira.TestAuth" name="test_login_wrong_password" time="0.291" /><testcase classname="backend.tests.test_cvsira.TestAuth" name="test_logout" time="0.436" /><testcase classname="backend.tests.test_cvsira.TestAdmin" name="test_admin_stats" time="0.401" /><testcase classname="backend.tests.test_cvsira.TestAdmin" name="test_admin_get_users" time="0.385" /><testcase classname="backend.tests.test_cvsira.TestAdmin" name="test_non_admin_cannot_access_admin_stats" time="2.267" /></testsuite></testsuites>